lib/api-keys/api-keys.test.ts(149,1): error TS2582: Cannot find name 'describe'. Do you need to install type definitions for a test runner? Try `npm i --save-dev @types/jest` or `npm i --save-dev @types/mocha`.
lib/api-keys/api-keys.test.ts(152,3): error TS2582: Cannot find name 'describe'. Do you need to install type definitions for a test runner? Try `npm i --save-dev @types/jest` or `npm i --save-dev @types/mocha`.
lib/api-keys/api-keys.test.ts(153,5): error TS2582: Cannot find name 'it'. Do you need to install type definitions for a test runner? Try `npm i --save-dev @types/jest` or `npm i --save-dev @types/mocha`.
lib/api-keys/api-keys.test.ts(155,41): error TS2345: Argument of type '{ from(_table: string): { _filters: Record<string, unknown>; _isNull: Record<string, boolean>; _insertData: Record<string, unknown> | null; _updateData: Record<string, unknown> | null; ... 7 more ...; then(resolve: (val: { ...; }) => void): void; }; _store: MockRow[]; }' is not assignable to parameter of type 'SupabaseClient'.
  The types returned by 'from(...).single()' are incompatible between these types.
    Type 'Promise<{ data: MockRow | null; error: { message: string; } | null; }>' is not assignable to type 'Promise<{ data: Record<string, unknown> | null; error: { message: string; } | null; }>'.
      Type '{ data: MockRow | null; error: { message: string; } | null; }' is not assignable to type '{ data: Record<string, unknown> | null; error: { message: string; } | null; }'.
        Types of property 'data' are incompatible.
          Type 'MockRow | null' is not assignable to type 'Record<string, unknown> | null'.
            Type 'MockRow' is not assignable to type 'Record<string, unknown>'.
              Index signature for type 'string' is missing in type 'MockRow'.
lib/api-keys/api-keys.test.ts(158,7): error TS2304: Cannot find name 'expect'.
lib/api-keys/api-keys.test.ts(161,5): error TS2582: Cannot find name 'it'. Do you need to install type definitions for a test runner? Try `npm i --save-dev @types/jest` or `npm i --save-dev @types/mocha`.
lib/api-keys/api-keys.test.ts(163,41): error TS2345: Argument of type '{ from(_table: string): { _filters: Record<string, unknown>; _isNull: Record<string, boolean>; _insertData: Record<string, unknown> | null; _updateData: Record<string, unknown> | null; ... 7 more ...; then(resolve: (val: { ...; }) => void): void; }; _store: MockRow[]; }' is not assignable to parameter of type 'SupabaseClient'.
  The types returned by 'from(...).single()' are incompatible between these types.
    Type 'Promise<{ data: MockRow | null; error: { message: string; } | null; }>' is not assignable to type 'Promise<{ data: Record<string, unknown> | null; error: { message: string; } | null; }>'.
      Type '{ data: MockRow | null; error: { message: string; } | null; }' is not assignable to type '{ data: Record<string, unknown> | null; error: { message: string; } | null; }'.
        Types of property 'data' are incompatible.
          Type 'MockRow | null' is not assignable to type 'Record<string, unknown> | null'.
            Type 'MockRow' is not assignable to type 'Record<string, unknown>'.
              Index signature for type 'string' is missing in type 'MockRow'.
lib/api-keys/api-keys.test.ts(166,7): error TS2304: Cannot find name 'expect'.
lib/api-keys/api-keys.test.ts(169,5): error TS2582: Cannot find name 'it'. Do you need to install type definitions for a test runner? Try `npm i --save-dev @types/jest` or `npm i --save-dev @types/mocha`.
lib/api-keys/api-keys.test.ts(171,41): error TS2345: Argument of type '{ from(_table: string): { _filters: Record<string, unknown>; _isNull: Record<string, boolean>; _insertData: Record<string, unknown> | null; _updateData: Record<string, unknown> | null; ... 7 more ...; then(resolve: (val: { ...; }) => void): void; }; _store: MockRow[]; }' is not assignable to parameter of type 'SupabaseClient'.
  The types returned by 'from(...).single()' are incompatible between these types.
    Type 'Promise<{ data: MockRow | null; error: { message: string; } | null; }>' is not assignable to type 'Promise<{ data: Record<string, unknown> | null; error: { message: string; } | null; }>'.
      Type '{ data: MockRow | null; error: { message: string; } | null; }' is not assignable to type '{ data: Record<string, unknown> | null; error: { message: string; } | null; }'.
        Types of property 'data' are incompatible.
          Type 'MockRow | null' is not assignable to type 'Record<string, unknown> | null'.
            Type 'MockRow' is not assignable to type 'Record<string, unknown>'.
              Index signature for type 'string' is missing in type 'MockRow'.
lib/api-keys/api-keys.test.ts(174,7): error TS2304: Cannot find name 'expect'.
lib/api-keys/api-keys.test.ts(177,5): error TS2582: Cannot find name 'it'. Do you need to install type definitions for a test runner? Try `npm i --save-dev @types/jest` or `npm i --save-dev @types/mocha`.
lib/api-keys/api-keys.test.ts(179,41): error TS2345: Argument of type '{ from(_table: string): { _filters: Record<string, unknown>; _isNull: Record<string, boolean>; _insertData: Record<string, unknown> | null; _updateData: Record<string, unknown> | null; ... 7 more ...; then(resolve: (val: { ...; }) => void): void; }; _store: MockRow[]; }' is not assignable to parameter of type 'SupabaseClient'.
  The types returned by 'from(...).single()' are incompatible between these types.
    Type 'Promise<{ data: MockRow | null; error: { message: string; } | null; }>' is not assignable to type 'Promise<{ data: Record<string, unknown> | null; error: { message: string; } | null; }>'.
      Type '{ data: MockRow | null; error: { message: string; } | null; }' is not assignable to type '{ data: Record<string, unknown> | null; error: { message: string; } | null; }'.
        Types of property 'data' are incompatible.
          Type 'MockRow | null' is not assignable to type 'Record<string, unknown> | null'.
            Type 'MockRow' is not assignable to type 'Record<string, unknown>'.
              Index signature for type 'string' is missing in type 'MockRow'.
lib/api-keys/api-keys.test.ts(183,7): error TS2304: Cannot find name 'expect'.
lib/api-keys/api-keys.test.ts(187,3): error TS2582: Cannot find name 'describe'. Do you need to install type definitions for a test runner? Try `npm i --save-dev @types/jest` or `npm i --save-dev @types/mocha`.
lib/api-keys/api-keys.test.ts(188,5): error TS2582: Cannot find name 'it'. Do you need to install type definitions for a test runner? Try `npm i --save-dev @types/jest` or `npm i --save-dev @types/mocha`.
lib/api-keys/api-keys.test.ts(190,41): error TS2345: Argument of type '{ from(_table: string): { _filters: Record<string, unknown>; _isNull: Record<string, boolean>; _insertData: Record<string, unknown> | null; _updateData: Record<string, unknown> | null; ... 7 more ...; then(resolve: (val: { ...; }) => void): void; }; _store: MockRow[]; }' is not assignable to parameter of type 'SupabaseClient'.
  The types returned by 'from(...).single()' are incompatible between these types.
    Type 'Promise<{ data: MockRow | null; error: { message: string; } | null; }>' is not assignable to type 'Promise<{ data: Record<string, unknown> | null; error: { message: string; } | null; }>'.
      Type '{ data: MockRow | null; error: { message: string; } | null; }' is not assignable to type '{ data: Record<string, unknown> | null; error: { message: string; } | null; }'.
        Types of property 'data' are incompatible.
          Type 'MockRow | null' is not assignable to type 'Record<string, unknown> | null'.
            Type 'MockRow' is not assignable to type 'Record<string, unknown>'.
              Index signature for type 'string' is missing in type 'MockRow'.
lib/api-keys/api-keys.test.ts(196,7): error TS2304: Cannot find name 'expect'.
lib/api-keys/api-keys.test.ts(197,7): error TS2304: Cannot find name 'expect'.
lib/api-keys/api-keys.test.ts(200,5): error TS2582: Cannot find name 'it'. Do you need to install type definitions for a test runner? Try `npm i --save-dev @types/jest` or `npm i --save-dev @types/mocha`.
lib/api-keys/api-keys.test.ts(202,41): error TS2345: Argument of type '{ from(_table: string): { _filters: Record<string, unknown>; _isNull: Record<string, boolean>; _insertData: Record<string, unknown> | null; _updateData: Record<string, unknown> | null; ... 7 more ...; then(resolve: (val: { ...; }) => void): void; }; _store: MockRow[]; }' is not assignable to parameter of type 'SupabaseClient'.
  The types returned by 'from(...).single()' are incompatible between these types.
    Type 'Promise<{ data: MockRow | null; error: { message: string; } | null; }>' is not assignable to type 'Promise<{ data: Record<string, unknown> | null; error: { message: string; } | null; }>'.
      Type '{ data: MockRow | null; error: { message: string; } | null; }' is not assignable to type '{ data: Record<string, unknown> | null; error: { message: string; } | null; }'.
        Types of property 'data' are incompatible.
          Type 'MockRow | null' is not assignable to type 'Record<string, unknown> | null'.
            Type 'MockRow' is not assignable to type 'Record<string, unknown>'.
              Index signature for type 'string' is missing in type 'MockRow'.
lib/api-keys/api-keys.test.ts(207,7): error TS2304: Cannot find name 'expect'.
lib/api-keys/api-keys.test.ts(211,3): error TS2582: Cannot find name 'describe'. Do you need to install type definitions for a test runner? Try `npm i --save-dev @types/jest` or `npm i --save-dev @types/mocha`.
lib/api-keys/api-keys.test.ts(212,5): error TS2582: Cannot find name 'it'. Do you need to install type definitions for a test runner? Try `npm i --save-dev @types/jest` or `npm i --save-dev @types/mocha`.
lib/api-keys/api-keys.test.ts(214,41): error TS2345: Argument of type '{ from(_table: string): { _filters: Record<string, unknown>; _isNull: Record<string, boolean>; _insertData: Record<string, unknown> | null; _updateData: Record<string, unknown> | null; ... 7 more ...; then(resolve: (val: { ...; }) => void): void; }; _store: MockRow[]; }' is not assignable to parameter of type 'SupabaseClient'.
  The types returned by 'from(...).single()' are incompatible between these types.
    Type 'Promise<{ data: MockRow | null; error: { message: string; } | null; }>' is not assignable to type 'Promise<{ data: Record<string, unknown> | null; error: { message: string; } | null; }>'.
      Type '{ data: MockRow | null; error: { message: string; } | null; }' is not assignable to type '{ data: Record<string, unknown> | null; error: { message: string; } | null; }'.
        Types of property 'data' are incompatible.
          Type 'MockRow | null' is not assignable to type 'Record<string, unknown> | null'.
            Type 'MockRow' is not assignable to type 'Record<string, unknown>'.
              Index signature for type 'string' is missing in type 'MockRow'.
lib/api-keys/api-keys.test.ts(218,7): error TS2304: Cannot find name 'expect'.
lib/api-keys/api-keys.test.ts(219,7): error TS2304: Cannot find name 'expect'.
lib/api-keys/api-keys.test.ts(220,7): error TS2304: Cannot find name 'expect'.
lib/api-keys/api-keys.test.ts(221,7): error TS2304: Cannot find name 'expect'.
lib/api-keys/api-keys.test.ts(224,5): error TS2582: Cannot find name 'it'. Do you need to install type definitions for a test runner? Try `npm i --save-dev @types/jest` or `npm i --save-dev @types/mocha`.
lib/api-keys/api-keys.test.ts(226,41): error TS2345: Argument of type '{ from(_table: string): { _filters: Record<string, unknown>; _isNull: Record<string, boolean>; _insertData: Record<string, unknown> | null; _updateData: Record<string, unknown> | null; ... 7 more ...; then(resolve: (val: { ...; }) => void): void; }; _store: MockRow[]; }' is not assignable to parameter of type 'SupabaseClient'.
  The types returned by 'from(...).single()' are incompatible between these types.
    Type 'Promise<{ data: MockRow | null; error: { message: string; } | null; }>' is not assignable to type 'Promise<{ data: Record<string, unknown> | null; error: { message: string; } | null; }>'.
      Type '{ data: MockRow | null; error: { message: string; } | null; }' is not assignable to type '{ data: Record<string, unknown> | null; error: { message: string; } | null; }'.
        Types of property 'data' are incompatible.
          Type 'MockRow | null' is not assignable to type 'Record<string, unknown> | null'.
            Type 'MockRow' is not assignable to type 'Record<string, unknown>'.
              Index signature for type 'string' is missing in type 'MockRow'.
lib/api-keys/api-keys.test.ts(228,13): error TS2304: Cannot find name 'expect'.
lib/api-keys/api-keys.test.ts(233,5): error TS2582: Cannot find name 'it'. Do you need to install type definitions for a test runner? Try `npm i --save-dev @types/jest` or `npm i --save-dev @types/mocha`.
lib/api-keys/api-keys.test.ts(235,41): error TS2345: Argument of type '{ from(_table: string): { _filters: Record<string, unknown>; _isNull: Record<string, boolean>; _insertData: Record<string, unknown> | null; _updateData: Record<string, unknown> | null; ... 7 more ...; then(resolve: (val: { ...; }) => void): void; }; _store: MockRow[]; }' is not assignable to parameter of type 'SupabaseClient'.
  The types returned by 'from(...).single()' are incompatible between these types.
    Type 'Promise<{ data: MockRow | null; error: { message: string; } | null; }>' is not assignable to type 'Promise<{ data: Record<string, unknown> | null; error: { message: string; } | null; }>'.
      Type '{ data: MockRow | null; error: { message: string; } | null; }' is not assignable to type '{ data: Record<string, unknown> | null; error: { message: string; } | null; }'.
        Types of property 'data' are incompatible.
          Type 'MockRow | null' is not assignable to type 'Record<string, unknown> | null'.
            Type 'MockRow' is not assignable to type 'Record<string, unknown>'.
              Index signature for type 'string' is missing in type 'MockRow'.
lib/api-keys/api-keys.test.ts(237,13): error TS2304: Cannot find name 'expect'.
lib/api-keys/api-keys.test.ts(240,5): error TS2582: Cannot find name 'it'. Do you need to install type definitions for a test runner? Try `npm i --save-dev @types/jest` or `npm i --save-dev @types/mocha`.
lib/api-keys/api-keys.test.ts(242,41): error TS2345: Argument of type '{ from(_table: string): { _filters: Record<string, unknown>; _isNull: Record<string, boolean>; _insertData: Record<string, unknown> | null; _updateData: Record<string, unknown> | null; ... 7 more ...; then(resolve: (val: { ...; }) => void): void; }; _store: MockRow[]; }' is not assignable to parameter of type 'SupabaseClient'.
  The types returned by 'from(...).single()' are incompatible between these types.
    Type 'Promise<{ data: MockRow | null; error: { message: string; } | null; }>' is not assignable to type 'Promise<{ data: Record<string, unknown> | null; error: { message: string; } | null; }>'.
      Type '{ data: MockRow | null; error: { message: string; } | null; }' is not assignable to type '{ data: Record<string, unknown> | null; error: { message: string; } | null; }'.
        Types of property 'data' are incompatible.
          Type 'MockRow | null' is not assignable to type 'Record<string, unknown> | null'.
            Type 'MockRow' is not assignable to type 'Record<string, unknown>'.
              Index signature for type 'string' is missing in type 'MockRow'.
lib/api-keys/api-keys.test.ts(244,13): error TS2304: Cannot find name 'expect'.
lib/api-keys/api-keys.test.ts(249,5): error TS2582: Cannot find name 'it'. Do you need to install type definitions for a test runner? Try `npm i --save-dev @types/jest` or `npm i --save-dev @types/mocha`.
lib/api-keys/api-keys.test.ts(251,41): error TS2345: Argument of type '{ from(_table: string): { _filters: Record<string, unknown>; _isNull: Record<string, boolean>; _insertData: Record<string, unknown> | null; _updateData: Record<string, unknown> | null; ... 7 more ...; then(resolve: (val: { ...; }) => void): void; }; _store: MockRow[]; }' is not assignable to parameter of type 'SupabaseClient'.
  The types returned by 'from(...).single()' are incompatible between these types.
    Type 'Promise<{ data: MockRow | null; error: { message: string; } | null; }>' is not assignable to type 'Promise<{ data: Record<string, unknown> | null; error: { message: string; } | null; }>'.
      Type '{ data: MockRow | null; error: { message: string; } | null; }' is not assignable to type '{ data: Record<string, unknown> | null; error: { message: string; } | null; }'.
        Types of property 'data' are incompatible.
          Type 'MockRow | null' is not assignable to type 'Record<string, unknown> | null'.
            Type 'MockRow' is not assignable to type 'Record<string, unknown>'.
              Index signature for type 'string' is missing in type 'MockRow'.
lib/api-keys/api-keys.test.ts(254,13): error TS2304: Cannot find name 'expect'.
lib/api-keys/api-keys.test.ts(260,3): error TS2582: Cannot find name 'describe'. Do you need to install type definitions for a test runner? Try `npm i --save-dev @types/jest` or `npm i --save-dev @types/mocha`.
lib/api-keys/api-keys.test.ts(261,5): error TS2582: Cannot find name 'it'. Do you need to install type definitions for a test runner? Try `npm i --save-dev @types/jest` or `npm i --save-dev @types/mocha`.
lib/api-keys/api-keys.test.ts(263,41): error TS2345: Argument of type '{ from(_table: string): { _filters: Record<string, unknown>; _isNull: Record<string, boolean>; _insertData: Record<string, unknown> | null; _updateData: Record<string, unknown> | null; ... 7 more ...; then(resolve: (val: { ...; }) => void): void; }; _store: MockRow[]; }' is not assignable to parameter of type 'SupabaseClient'.
  The types returned by 'from(...).single()' are incompatible between these types.
    Type 'Promise<{ data: MockRow | null; error: { message: string; } | null; }>' is not assignable to type 'Promise<{ data: Record<string, unknown> | null; error: { message: string; } | null; }>'.
      Type '{ data: MockRow | null; error: { message: string; } | null; }' is not assignable to type '{ data: Record<string, unknown> | null; error: { message: string; } | null; }'.
        Types of property 'data' are incompatible.
          Type 'MockRow | null' is not assignable to type 'Record<string, unknown> | null'.
            Type 'MockRow' is not assignable to type 'Record<string, unknown>'.
              Index signature for type 'string' is missing in type 'MockRow'.
lib/api-keys/api-keys.test.ts(271,7): error TS2304: Cannot find name 'expect'.
lib/api-keys/api-keys.test.ts(272,7): error TS2304: Cannot find name 'expect'.
lib/api-keys/api-keys.test.ts(273,7): error TS2304: Cannot find name 'expect'.
lib/api-keys/api-keys.test.ts(276,5): error TS2582: Cannot find name 'it'. Do you need to install type definitions for a test runner? Try `npm i --save-dev @types/jest` or `npm i --save-dev @types/mocha`.
lib/api-keys/api-keys.test.ts(278,41): error TS2345: Argument of type '{ from(_table: string): { _filters: Record<string, unknown>; _isNull: Record<string, boolean>; _insertData: Record<string, unknown> | null; _updateData: Record<string, unknown> | null; ... 7 more ...; then(resolve: (val: { ...; }) => void): void; }; _store: MockRow[]; }' is not assignable to parameter of type 'SupabaseClient'.
  The types returned by 'from(...).single()' are incompatible between these types.
    Type 'Promise<{ data: MockRow | null; error: { message: string; } | null; }>' is not assignable to type 'Promise<{ data: Record<string, unknown> | null; error: { message: string; } | null; }>'.
      Type '{ data: MockRow | null; error: { message: string; } | null; }' is not assignable to type '{ data: Record<string, unknown> | null; error: { message: string; } | null; }'.
        Types of property 'data' are incompatible.
          Type 'MockRow | null' is not assignable to type 'Record<string, unknown> | null'.
            Type 'MockRow' is not assignable to type 'Record<string, unknown>'.
              Index signature for type 'string' is missing in type 'MockRow'.
lib/api-keys/api-keys.test.ts(281,7): error TS2304: Cannot find name 'expect'.
lib/api-keys/api-keys.test.ts(284,5): error TS2582: Cannot find name 'it'. Do you need to install type definitions for a test runner? Try `npm i --save-dev @types/jest` or `npm i --save-dev @types/mocha`.
lib/api-keys/api-keys.test.ts(286,41): error TS2345: Argument of type '{ from(_table: string): { _filters: Record<string, unknown>; _isNull: Record<string, boolean>; _insertData: Record<string, unknown> | null; _updateData: Record<string, unknown> | null; ... 7 more ...; then(resolve: (val: { ...; }) => void): void; }; _store: MockRow[]; }' is not assignable to parameter of type 'SupabaseClient'.
  The types returned by 'from(...).single()' are incompatible between these types.
    Type 'Promise<{ data: MockRow | null; error: { message: string; } | null; }>' is not assignable to type 'Promise<{ data: Record<string, unknown> | null; error: { message: string; } | null; }>'.
      Type '{ data: MockRow | null; error: { message: string; } | null; }' is not assignable to type '{ data: Record<string, unknown> | null; error: { message: string; } | null; }'.
        Types of property 'data' are incompatible.
          Type 'MockRow | null' is not assignable to type 'Record<string, unknown> | null'.
            Type 'MockRow' is not assignable to type 'Record<string, unknown>'.
              Index signature for type 'string' is missing in type 'MockRow'.
lib/api-keys/api-keys.test.ts(289,7): error TS2304: Cannot find name 'expect'.
lib/api-keys/api-keys.test.ts(292,5): error TS2582: Cannot find name 'it'. Do you need to install type definitions for a test runner? Try `npm i --save-dev @types/jest` or `npm i --save-dev @types/mocha`.
lib/api-keys/api-keys.test.ts(294,41): error TS2345: Argument of type '{ from(_table: string): { _filters: Record<string, unknown>; _isNull: Record<string, boolean>; _insertData: Record<string, unknown> | null; _updateData: Record<string, unknown> | null; ... 7 more ...; then(resolve: (val: { ...; }) => void): void; }; _store: MockRow[]; }' is not assignable to parameter of type 'SupabaseClient'.
  The types returned by 'from(...).single()' are incompatible between these types.
    Type 'Promise<{ data: MockRow | null; error: { message: string; } | null; }>' is not assignable to type 'Promise<{ data: Record<string, unknown> | null; error: { message: string; } | null; }>'.
      Type '{ data: MockRow | null; error: { message: string; } | null; }' is not assignable to type '{ data: Record<string, unknown> | null; error: { message: string; } | null; }'.
        Types of property 'data' are incompatible.
          Type 'MockRow | null' is not assignable to type 'Record<string, unknown> | null'.
            Type 'MockRow' is not assignable to type 'Record<string, unknown>'.
              Index signature for type 'string' is missing in type 'MockRow'.
lib/api-keys/api-keys.test.ts(297,7): error TS2304: Cannot find name 'expect'.
lib/api-keys/api-keys.test.ts(300,5): error TS2582: Cannot find name 'it'. Do you need to install type definitions for a test runner? Try `npm i --save-dev @types/jest` or `npm i --save-dev @types/mocha`.
lib/api-keys/api-keys.test.ts(302,41): error TS2345: Argument of type '{ from(_table: string): { _filters: Record<string, unknown>; _isNull: Record<string, boolean>; _insertData: Record<string, unknown> | null; _updateData: Record<string, unknown> | null; ... 7 more ...; then(resolve: (val: { ...; }) => void): void; }; _store: MockRow[]; }' is not assignable to parameter of type 'SupabaseClient'.
  The types returned by 'from(...).single()' are incompatible between these types.
    Type 'Promise<{ data: MockRow | null; error: { message: string; } | null; }>' is not assignable to type 'Promise<{ data: Record<string, unknown> | null; error: { message: string; } | null; }>'.
      Type '{ data: MockRow | null; error: { message: string; } | null; }' is not assignable to type '{ data: Record<string, unknown> | null; error: { message: string; } | null; }'.
        Types of property 'data' are incompatible.
          Type 'MockRow | null' is not assignable to type 'Record<string, unknown> | null'.
            Type 'MockRow' is not assignable to type 'Record<string, unknown>'.
              Index signature for type 'string' is missing in type 'MockRow'.
lib/api-keys/api-keys.test.ts(314,7): error TS2304: Cannot find name 'expect'.
lib/api-keys/api-keys.test.ts(318,3): error TS2582: Cannot find name 'describe'. Do you need to install type definitions for a test runner? Try `npm i --save-dev @types/jest` or `npm i --save-dev @types/mocha`.
lib/api-keys/api-keys.test.ts(319,5): error TS2582: Cannot find name 'it'. Do you need to install type definitions for a test runner? Try `npm i --save-dev @types/jest` or `npm i --save-dev @types/mocha`.
lib/api-keys/api-keys.test.ts(321,41): error TS2345: Argument of type '{ from(_table: string): { _filters: Record<string, unknown>; _isNull: Record<string, boolean>; _insertData: Record<string, unknown> | null; _updateData: Record<string, unknown> | null; ... 7 more ...; then(resolve: (val: { ...; }) => void): void; }; _store: MockRow[]; }' is not assignable to parameter of type 'SupabaseClient'.
  The types returned by 'from(...).single()' are incompatible between these types.
    Type 'Promise<{ data: MockRow | null; error: { message: string; } | null; }>' is not assignable to type 'Promise<{ data: Record<string, unknown> | null; error: { message: string; } | null; }>'.
      Type '{ data: MockRow | null; error: { message: string; } | null; }' is not assignable to type '{ data: Record<string, unknown> | null; error: { message: string; } | null; }'.
        Types of property 'data' are incompatible.
          Type 'MockRow | null' is not assignable to type 'Record<string, unknown> | null'.
            Type 'MockRow' is not assignable to type 'Record<string, unknown>'.
              Index signature for type 'string' is missing in type 'MockRow'.
lib/api-keys/api-keys.test.ts(328,7): error TS2304: Cannot find name 'expect'.
lib/api-keys/api-keys.test.ts(331,5): error TS2582: Cannot find name 'it'. Do you need to install type definitions for a test runner? Try `npm i --save-dev @types/jest` or `npm i --save-dev @types/mocha`.
lib/api-keys/api-keys.test.ts(333,41): error TS2345: Argument of type '{ from(_table: string): { _filters: Record<string, unknown>; _isNull: Record<string, boolean>; _insertData: Record<string, unknown> | null; _updateData: Record<string, unknown> | null; ... 7 more ...; then(resolve: (val: { ...; }) => void): void; }; _store: MockRow[]; }' is not assignable to parameter of type 'SupabaseClient'.
  The types returned by 'from(...).single()' are incompatible between these types.
    Type 'Promise<{ data: MockRow | null; error: { message: string; } | null; }>' is not assignable to type 'Promise<{ data: Record<string, unknown> | null; error: { message: string; } | null; }>'.
      Type '{ data: MockRow | null; error: { message: string; } | null; }' is not assignable to type '{ data: Record<string, unknown> | null; error: { message: string; } | null; }'.
        Types of property 'data' are incompatible.
          Type 'MockRow | null' is not assignable to type 'Record<string, unknown> | null'.
            Type 'MockRow' is not assignable to type 'Record<string, unknown>'.
              Index signature for type 'string' is missing in type 'MockRow'.
lib/api-keys/api-keys.test.ts(335,13): error TS2304: Cannot find name 'expect'.
lib/api-keys/api-keys.test.ts(339,3): error TS2582: Cannot find name 'describe'. Do you need to install type definitions for a test runner? Try `npm i --save-dev @types/jest` or `npm i --save-dev @types/mocha`.
lib/api-keys/api-keys.test.ts(340,5): error TS2582: Cannot find name 'it'. Do you need to install type definitions for a test runner? Try `npm i --save-dev @types/jest` or `npm i --save-dev @types/mocha`.
lib/api-keys/api-keys.test.ts(342,41): error TS2345: Argument of type '{ from(_table: string): { _filters: Record<string, unknown>; _isNull: Record<string, boolean>; _insertData: Record<string, unknown> | null; _updateData: Record<string, unknown> | null; ... 7 more ...; then(resolve: (val: { ...; }) => void): void; }; _store: MockRow[]; }' is not assignable to parameter of type 'SupabaseClient'.
  The types returned by 'from(...).single()' are incompatible between these types.
    Type 'Promise<{ data: MockRow | null; error: { message: string; } | null; }>' is not assignable to type 'Promise<{ data: Record<string, unknown> | null; error: { message: string; } | null; }>'.
      Type '{ data: MockRow | null; error: { message: string; } | null; }' is not assignable to type '{ data: Record<string, unknown> | null; error: { message: string; } | null; }'.
        Types of property 'data' are incompatible.
          Type 'MockRow | null' is not assignable to type 'Record<string, unknown> | null'.
            Type 'MockRow' is not assignable to type 'Record<string, unknown>'.
              Index signature for type 'string' is missing in type 'MockRow'.
lib/api-keys/api-keys.test.ts(348,7): error TS2304: Cannot find name 'expect'.
lib/api-keys/api-keys.test.ts(351,9): error TS2304: Cannot find name 'expect'.
lib/api-keys/api-keys.test.ts(353,9): error TS2304: Cannot find name 'expect'.
lib/api-keys/api-keys.test.ts(357,5): error TS2582: Cannot find name 'it'. Do you need to install type definitions for a test runner? Try `npm i --save-dev @types/jest` or `npm i --save-dev @types/mocha`.
lib/api-keys/api-keys.test.ts(359,41): error TS2345: Argument of type '{ from(_table: string): { _filters: Record<string, unknown>; _isNull: Record<string, boolean>; _insertData: Record<string, unknown> | null; _updateData: Record<string, unknown> | null; ... 7 more ...; then(resolve: (val: { ...; }) => void): void; }; _store: MockRow[]; }' is not assignable to parameter of type 'SupabaseClient'.
  The types returned by 'from(...).single()' are incompatible between these types.
    Type 'Promise<{ data: MockRow | null; error: { message: string; } | null; }>' is not assignable to type 'Promise<{ data: Record<string, unknown> | null; error: { message: string; } | null; }>'.
      Type '{ data: MockRow | null; error: { message: string; } | null; }' is not assignable to type '{ data: Record<string, unknown> | null; error: { message: string; } | null; }'.
        Types of property 'data' are incompatible.
          Type 'MockRow | null' is not assignable to type 'Record<string, unknown> | null'.
            Type 'MockRow' is not assignable to type 'Record<string, unknown>'.
              Index signature for type 'string' is missing in type 'MockRow'.
lib/api-keys/api-keys.test.ts(362,7): error TS2304: Cannot find name 'expect'.
lib/api-keys/api-keys.test.ts(366,3): error TS2582: Cannot find name 'describe'. Do you need to install type definitions for a test runner? Try `npm i --save-dev @types/jest` or `npm i --save-dev @types/mocha`.
lib/api-keys/api-keys.test.ts(367,5): error TS2582: Cannot find name 'it'. Do you need to install type definitions for a test runner? Try `npm i --save-dev @types/jest` or `npm i --save-dev @types/mocha`.
lib/api-keys/api-keys.test.ts(369,41): error TS2345: Argument of type '{ from(_table: string): { _filters: Record<string, unknown>; _isNull: Record<string, boolean>; _insertData: Record<string, unknown> | null; _updateData: Record<string, unknown> | null; ... 7 more ...; then(resolve: (val: { ...; }) => void): void; }; _store: MockRow[]; }' is not assignable to parameter of type 'SupabaseClient'.
  The types returned by 'from(...).single()' are incompatible between these types.
    Type 'Promise<{ data: MockRow | null; error: { message: string; } | null; }>' is not assignable to type 'Promise<{ data: Record<string, unknown> | null; error: { message: string; } | null; }>'.
      Type '{ data: MockRow | null; error: { message: string; } | null; }' is not assignable to type '{ data: Record<string, unknown> | null; error: { message: string; } | null; }'.
        Types of property 'data' are incompatible.
          Type 'MockRow | null' is not assignable to type 'Record<string, unknown> | null'.
            Type 'MockRow' is not assignable to type 'Record<string, unknown>'.
              Index signature for type 'string' is missing in type 'MockRow'.
lib/api-keys/api-keys.test.ts(379,7): error TS2304: Cannot find name 'expect'.
lib/api-keys/api-keys.test.ts(383,7): error TS2304: Cannot find name 'expect'.
lib/api-keys/api-keys.test.ts(384,7): error TS2304: Cannot find name 'expect'.
lib/api-keys/api-keys.test.ts(387,5): error TS2582: Cannot find name 'it'. Do you need to install type definitions for a test runner? Try `npm i --save-dev @types/jest` or `npm i --save-dev @types/mocha`.
lib/api-keys/api-keys.test.ts(389,41): error TS2345: Argument of type '{ from(_table: string): { _filters: Record<string, unknown>; _isNull: Record<string, boolean>; _insertData: Record<string, unknown> | null; _updateData: Record<string, unknown> | null; ... 7 more ...; then(resolve: (val: { ...; }) => void): void; }; _store: MockRow[]; }' is not assignable to parameter of type 'SupabaseClient'.
  The types returned by 'from(...).single()' are incompatible between these types.
    Type 'Promise<{ data: MockRow | null; error: { message: string; } | null; }>' is not assignable to type 'Promise<{ data: Record<string, unknown> | null; error: { message: string; } | null; }>'.
      Type '{ data: MockRow | null; error: { message: string; } | null; }' is not assignable to type '{ data: Record<string, unknown> | null; error: { message: string; } | null; }'.
        Types of property 'data' are incompatible.
          Type 'MockRow | null' is not assignable to type 'Record<string, unknown> | null'.
            Type 'MockRow' is not assignable to type 'Record<string, unknown>'.
              Index signature for type 'string' is missing in type 'MockRow'.
lib/api-keys/api-keys.test.ts(391,13): error TS2304: Cannot find name 'expect'.
lib/api-keys/api-keys.test.ts(395,3): error TS2582: Cannot find name 'describe'. Do you need to install type definitions for a test runner? Try `npm i --save-dev @types/jest` or `npm i --save-dev @types/mocha`.
lib/api-keys/api-keys.test.ts(396,5): error TS2582: Cannot find name 'it'. Do you need to install type definitions for a test runner? Try `npm i --save-dev @types/jest` or `npm i --save-dev @types/mocha`.
lib/api-keys/api-keys.test.ts(398,41): error TS2345: Argument of type '{ from(_table: string): { _filters: Record<string, unknown>; _isNull: Record<string, boolean>; _insertData: Record<string, unknown> | null; _updateData: Record<string, unknown> | null; ... 7 more ...; then(resolve: (val: { ...; }) => void): void; }; _store: MockRow[]; }' is not assignable to parameter of type 'SupabaseClient'.
  The types returned by 'from(...).single()' are incompatible between these types.
    Type 'Promise<{ data: MockRow | null; error: { message: string; } | null; }>' is not assignable to type 'Promise<{ data: Record<string, unknown> | null; error: { message: string; } | null; }>'.
      Type '{ data: MockRow | null; error: { message: string; } | null; }' is not assignable to type '{ data: Record<string, unknown> | null; error: { message: string; } | null; }'.
        Types of property 'data' are incompatible.
          Type 'MockRow | null' is not assignable to type 'Record<string, unknown> | null'.
            Type 'MockRow' is not assignable to type 'Record<string, unknown>'.
              Index signature for type 'string' is missing in type 'MockRow'.
lib/api-keys/api-keys.test.ts(406,7): error TS2304: Cannot find name 'expect'.
lib/api-keys/api-keys.test.ts(407,7): error TS2304: Cannot find name 'expect'.
lib/api-keys/api-keys.test.ts(408,7): error TS2304: Cannot find name 'expect'.
lib/circuit-breaker.test.ts(9,22): error TS2322: Type '{}' is not assignable to type 'never'.
lib/circuit-breaker.test.ts(9,52): error TS2344: Type 'Function' does not satisfy the constraint '(...args: any) => any'.
  Type 'Function' provides no match for the signature '(...args: any): any'.
lib/circuit-breaker.test.ts(15,5): error TS2698: Spread types may only be created from object types.
lib/encryption/envelope.test.ts(75,7): error TS2532: Object is possibly 'undefined'.
lib/encryption/envelope.test.ts(86,7): error TS2532: Object is possibly 'undefined'.
lib/feature-flags/feature-flags.test.ts(8,32): error TS6133: 'beforeEach' is declared but its value is never read.
lib/gdpr/gdpr.test.ts(144,23): error TS18048: 'updateCall' is possibly 'undefined'.
lib/gdpr/gdpr.test.ts(229,23): error TS2532: Object is possibly 'undefined'.
lib/gdpr/gdpr.test.ts(239,25): error TS2532: Object is possibly 'undefined'.
lib/gdpr/gdpr.test.ts(245,26): error TS2532: Object is possibly 'undefined'.
lib/metrics.test.ts(10,3): error TS6133: 'extractionTotal' is declared but its value is never read.
lib/metrics.test.ts(11,3): error TS6133: 'conversionTotal' is declared but its value is never read.
lib/metrics.test.ts(12,3): error TS6133: 'creditDeductionTotal' is declared but its value is never read.
lib/metrics.test.ts(13,3): error TS6133: 'batchTotal' is declared but its value is never read.
lib/metrics.test.ts(14,3): error TS6133: 'extractionDuration' is declared but its value is never read.
lib/metrics.test.ts(15,3): error TS6133: 'conversionDuration' is declared but its value is never read.
lib/metrics.test.ts(16,3): error TS6133: 'aiProviderLatency' is declared but its value is never read.
lib/metrics.test.ts(17,3): error TS6133: 'activeJobs' is declared but its value is never read.
lib/metrics.test.ts(18,3): error TS6133: 'creditBalanceTotal' is declared but its value is never read.
lib/outbox/outbox.test.ts(31,9): error TS6133: 'self' is declared but its value is never read.
tests/integration/invoice.db.integration.test.ts(18,5): error TS6133: 'clearCurrentUser' is declared but its value is never read.
tests/integration/invoice.db.integration.test.ts(160,9): error TS6133: 'userB' is declared but its value is never read.
tests/integration/invoice.db.integration.test.ts(161,9): error TS6133: 'extractionA' is declared but its value is never read.
tests/integration/invoice.db.integration.test.ts(186,66): error TS18048: 'p.policyname' is possibly 'undefined'.
tests/unit/batch/credit-idempotency.test.ts(52,3): error TS1117: An object literal cannot have multiple properties with the same name.
tests/unit/credits/credit-concurrency.test.ts(8,32): error TS6133: 'vi' is declared but its value is never read.
tests/unit/routes/health.route.test.ts(40,10): error TS6133: 'createMockRequest' is declared but its value is never read.
